# JRE version: Java(TM) SE Runtime Environment (8.0_381) (build 1.8.0_381-b09)
# Java VM: Java HotSpot(TM) 64-Bit Server VM (25.381-b09 mixed mode windows-amd64 compressed oops)
Heap:
 PSYoungGen      total 469504K, used 388496K [0x00000000d5580000, 0x00000000fb100000, 0x0000000100000000)
  eden space 406016K, 80% used [0x00000000d5580000,0x00000000e92eb348,0x00000000ee200000)
  from space 63488K, 99% used [0x00000000f3b80000,0x00000000f7978ea8,0x00000000f7980000)
  to   space 91648K, 0% used [0x00000000ee200000,0x00000000ee200000,0x00000000f3b80000)
 ParOldGen       total 322048K, used 143031K [0x0000000080000000, 0x0000000093a80000, 0x00000000d5580000)
  object space 322048K, 44% used [0x0000000080000000,0x0000000088bade98,0x0000000093a80000)
 Metaspace       used 149077K, capacity 154102K, committed 154392K, reserved 1183744K
  class space    used 19385K, capacity 20433K, committed 20504K, reserved 1048576K
GC Heap History (10 events):
Event: 8.612 GC heap before
{Heap before GC invocations=12 (full 3):
 PSYoungGen      total 337408K, used 319488K [0x00000000d5580000, 0x00000000ebb80000, 0x0000000100000000)
  eden space 319488K, 100% used [0x00000000d5580000,0x00000000e8d80000,0x00000000e8d80000)
  from space 17920K, 0% used [0x00000000ea480000,0x00000000ea480000,0x00000000eb600000)
  to   space 23552K, 0% used [0x00000000e8d80000,0x00000000e8d80000,0x00000000ea480000)
 ParOldGen       total 215552K, used 38260K [0x0000000080000000, 0x000000008d280000, 0x00000000d5580000)
  object space 215552K, 17% used [0x0000000080000000,0x000000008255d280,0x000000008d280000)
 Metaspace       used 78274K, capacity 81906K, committed 82072K, reserved 1120256K
  class space    used 10680K, capacity 11365K, committed 11416K, reserved 1048576K
Event: 8.633 GC heap after
Heap after GC invocations=12 (full 3):
 PSYoungGen      total 343040K, used 23547K [0x00000000d5580000, 0x00000000f0c80000, 0x0000000100000000)
  eden space 319488K, 0% used [0x00000000d5580000,0x00000000d5580000,0x00000000e8d80000)
  from space 23552K, 99% used [0x00000000e8d80000,0x00000000ea47ec88,0x00000000ea480000)
  to   space 35328K, 0% used [0x00000000eea00000,0x00000000eea00000,0x00000000f0c80000)
 ParOldGen       total 215552K, used 59766K [0x0000000080000000, 0x000000008d280000, 0x00000000d5580000)
  object space 215552K, 27% used [0x0000000080000000,0x0000000083a5d8d0,0x000000008d280000)
 Metaspace       used 78274K, capacity 81906K, committed 82072K, reserved 1120256K
  class space    used 10680K, capacity 11365K, committed 11416K, reserved 1048576K
}
Event: 10.935 GC heap before
{Heap before GC invocations=13 (full 3):
 PSYoungGen      total 343040K, used 308784K [0x00000000d5580000, 0x00000000f0c80000, 0x0000000100000000)
  eden space 319488K, 89% used [0x00000000d5580000,0x00000000e6c0d550,0x00000000e8d80000)
  from space 23552K, 99% used [0x00000000e8d80000,0x00000000ea47ec88,0x00000000ea480000)
  to   space 35328K, 0% used [0x00000000eea00000,0x00000000eea00000,0x00000000f0c80000)
 ParOldGen       total 215552K, used 59766K [0x0000000080000000, 0x000000008d280000, 0x00000000d5580000)
  object space 215552K, 27% used [0x0000000080000000,0x0000000083a5d8d0,0x000000008d280000)
 Metaspace       used 94451K, capacity 98398K, committed 98584K, reserved 1134592K
  class space    used 12456K, capacity 13257K, committed 13336K, reserved 1048576K
Event: 10.962 GC heap after
Heap after GC invocations=13 (full 3):
 PSYoungGen      total 404480K, used 35310K [0x00000000d5580000, 0x00000000f1b80000, 0x0000000100000000)
  eden space 369152K, 0% used [0x00000000d5580000,0x00000000d5580000,0x00000000ebe00000)
  from space 35328K, 99% used [0x00000000eea00000,0x00000000f0c7b968,0x00000000f0c80000)
  to   space 45056K, 0% used [0x00000000ebe00000,0x00000000ebe00000,0x00000000eea00000)
 ParOldGen       total 215552K, used 71379K [0x0000000080000000, 0x000000008d280000, 0x00000000d5580000)
  object space 215552K, 33% used [0x0000000080000000,0x00000000845b4c40,0x000000008d280000)
 Metaspace       used 94451K, capacity 98398K, committed 98584K, reserved 1134592K
  class space    used 12456K, capacity 13257K, committed 13336K, reserved 1048576K
}
Event: 10.962 GC heap before
{Heap before GC invocations=14 (full 4):
 PSYoungGen      total 404480K, used 35310K [0x00000000d5580000, 0x00000000f1b80000, 0x0000000100000000)
  eden space 369152K, 0% used [0x00000000d5580000,0x00000000d5580000,0x00000000ebe00000)
  from space 35328K, 99% used [0x00000000eea00000,0x00000000f0c7b968,0x00000000f0c80000)
  to   space 45056K, 0% used [0x00000000ebe00000,0x00000000ebe00000,0x00000000eea00000)
 ParOldGen       total 215552K, used 71379K [0x0000000080000000, 0x000000008d280000, 0x00000000d5580000)
  object space 215552K, 33% used [0x0000000080000000,0x00000000845b4c40,0x000000008d280000)
 Metaspace       used 94451K, capacity 98398K, committed 98584K, reserved 1134592K
  class space    used 12456K, capacity 13257K, committed 13336K, reserved 1048576K
Event: 11.070 GC heap after
Heap after GC invocations=14 (full 4):
 PSYoungGen      total 404480K, used 0K [0x00000000d5580000, 0x00000000f1b80000, 0x0000000100000000)
  eden space 369152K, 0% used [0x00000000d5580000,0x00000000d5580000,0x00000000ebe00000)
  from space 35328K, 0% used [0x00000000eea00000,0x00000000eea00000,0x00000000f0c80000)
  to   space 45056K, 0% used [0x00000000ebe00000,0x00000000ebe00000,0x00000000eea00000)
 ParOldGen       total 322048K, used 64100K [0x0000000080000000, 0x0000000093a80000, 0x00000000d5580000)
  object space 322048K, 19% used [0x0000000080000000,0x0000000083e99168,0x0000000093a80000)
 Metaspace       used 91132K, capacity 94542K, committed 98584K, reserved 1134592K
  class space    used 12189K, capacity 12931K, committed 13336K, reserved 1048576K
}
Event: 14.834 GC heap before
{Heap before GC invocations=15 (full 4):
 PSYoungGen      total 404480K, used 369152K [0x00000000d5580000, 0x00000000f1b80000, 0x0000000100000000)
  eden space 369152K, 100% used [0x00000000d5580000,0x00000000ebe00000,0x00000000ebe00000)
  from space 35328K, 0% used [0x00000000eea00000,0x00000000eea00000,0x00000000f0c80000)
  to   space 45056K, 0% used [0x00000000ebe00000,0x00000000ebe00000,0x00000000eea00000)
 ParOldGen       total 322048K, used 64100K [0x0000000080000000, 0x0000000093a80000, 0x00000000d5580000)
  object space 322048K, 19% used [0x0000000080000000,0x0000000083e99168,0x0000000093a80000)
 Metaspace       used 137909K, capacity 142196K, committed 142488K, reserved 1173504K
  class space    used 18124K, capacity 19040K, committed 19096K, reserved 1048576K
Event: 14.873 GC heap after
Heap after GC invocations=15 (full 4):
 PSYoungGen      total 414208K, used 45042K [0x00000000d5580000, 0x00000000f7980000, 0x0000000100000000)
  eden space 369152K, 0% used [0x00000000d5580000,0x00000000d5580000,0x00000000ebe00000)
  from space 45056K, 99% used [0x00000000ebe00000,0x00000000ee9fcbf8,0x00000000eea00000)
  to   space 63488K, 0% used [0x00000000f3b80000,0x00000000f3b80000,0x00000000f7980000)
 ParOldGen       total 322048K, used 95665K [0x0000000080000000, 0x0000000093a80000, 0x00000000d5580000)
  object space 322048K, 29% used [0x0000000080000000,0x0000000085d6c670,0x0000000093a80000)
 Metaspace       used 137909K, capacity 142196K, committed 142488K, reserved 1173504K
  class space    used 18124K, capacity 19040K, committed 19096K, reserved 1048576K
}
Event: 18.233 GC heap before
{Heap before GC invocations=16 (full 4):
 PSYoungGen      total 414208K, used 414194K [0x00000000d5580000, 0x00000000f7980000, 0x0000000100000000)
  eden space 369152K, 100% used [0x00000000d5580000,0x00000000ebe00000,0x00000000ebe00000)
  from space 45056K, 99% used [0x00000000ebe00000,0x00000000ee9fcbf8,0x00000000eea00000)
  to   space 63488K, 0% used [0x00000000f3b80000,0x00000000f3b80000,0x00000000f7980000)
 ParOldGen       total 322048K, used 95665K [0x0000000080000000, 0x0000000093a80000, 0x00000000d5580000)
  object space 322048K, 29% used [0x0000000080000000,0x0000000085d6c670,0x0000000093a80000)
 Metaspace       used 147012K, capacity 151638K, committed 151832K, reserved 1181696K
  class space    used 19140K, capacity 20147K, committed 20248K, reserved 1048576K
Event: 18.284 GC heap after
Heap after GC invocations=16 (full 4):
 PSYoungGen      total 469504K, used 63459K [0x00000000d5580000, 0x00000000fb100000, 0x0000000100000000)
  eden space 406016K, 0% used [0x00000000d5580000,0x00000000d5580000,0x00000000ee200000)
  from space 63488K, 99% used [0x00000000f3b80000,0x00000000f7978ea8,0x00000000f7980000)
  to   space 91648K, 0% used [0x00000000ee200000,0x00000000ee200000,0x00000000f3b80000)
 ParOldGen       total 322048K, used 143031K [0x0000000080000000, 0x0000000093a80000, 0x00000000d5580000)
  object space 322048K, 44% used [0x0000000080000000,0x0000000088bade98,0x0000000093a80000)
 Metaspace       used 147012K, capacity 151638K, committed 151832K, reserved 1181696K
  class space    used 19140K, capacity 20147K, committed 20248K, reserved 1048576K
}

